[debug] [2023-04-28T17:13:40.603Z] ----------------------------------------------------------------------
[debug] [2023-04-28T17:13:40.605Z] Command:       C:\Program Files\nodejs\node.exe C:\Users\Lenovo\AppData\Roaming\npm\node_modules\firebase-tools\lib\bin\firebase.js init
[debug] [2023-04-28T17:13:40.605Z] CLI Version:   11.29.1
[debug] [2023-04-28T17:13:40.606Z] Platform:      win32
[debug] [2023-04-28T17:13:40.606Z] Node Version:  v19.8.1
[debug] [2023-04-28T17:13:40.606Z] Time:          Fri Apr 28 2023 19:13:40 GMT+0200 (Eastern European Standard Time)
[debug] [2023-04-28T17:13:40.606Z] ----------------------------------------------------------------------
[debug] 
[debug] [2023-04-28T17:13:40.670Z] > command requires scopes: ["email","openid","https://www.googleapis.com/auth/cloudplatformprojects.readonly","https://www.googleapis.com/auth/firebase","https://www.googleapis.com/auth/cloud-platform"]
[debug] [2023-04-28T17:13:40.670Z] > authorizing via signed-in user (ahmed.emadd186@gmail.com)
[info] 
     ######## #### ########  ######## ########     ###     ######  ########
     ##        ##  ##     ## ##       ##     ##  ##   ##  ##       ##
     ######    ##  ########  ######   ########  #########  ######  ######
     ##        ##  ##    ##  ##       ##     ## ##     ##       ## ##
     ##       #### ##     ## ######## ########  ##     ##  ######  ########

You're about to initialize a Firebase project in this directory:

  E:\UI Project\Billing-System

Before we get started, keep in mind:

  * You are initializing within an existing Firebase project directory

[info] 
=== Project Setup
[info] 
[info] First, let's associate this project directory with a Firebase project.
[info] You can create multiple project aliases by running firebase use --add, 
[info] but for now we'll just set up a default project.
[info] 
[debug] [2023-04-28T17:14:04.160Z] >>> [apiv2][query] GET https://firebase.googleapis.com/v1beta1/projects pageSize=100
[debug] [2023-04-28T17:14:04.846Z] Failed to make request to https://firebase.googleapis.com/v1beta1/projects?pageSize=100
[debug] [2023-04-28T17:14:05.890Z] FirebaseError: Failed to make request to https://firebase.googleapis.com/v1beta1/projects?pageSize=100
    at RetryOperation._fn (C:\Users\Lenovo\AppData\Roaming\npm\node_modules\firebase-tools\lib\apiv2.js:242:31)
    at process.processTicksAndRejections (node:internal/process/task_queues:95:5)
[error] 
[error] Error: Failed to list Firebase projects. See firebase-debug.log for more info.
